{"name":"Runs Cucumber Feature","status":"broken","statusDetails":{"known":false,"muted":false,"flaky":false,"message":"java.lang.IllegalStateException: The driver executable does not exist: D:\\eclipseProjects\\YourLogo\\src\\main\\java\\Config\\chromedriver.exe","trace":"cucumber.runtime.CucumberException: java.lang.IllegalStateException: The driver executable does not exist: D:\\eclipseProjects\\YourLogo\\src\\main\\java\\Config\\chromedriver.exe\r\n\tat cucumber.api.testng.TestNGCucumberRunner.runCucumber(TestNGCucumberRunner.java:69)\r\n\tat Runner.TestRunner.feature(TestRunner.java:33)\r\n\tat sun.reflect.NativeMethodAccessorImpl.invoke0(Native Method)\r\n\tat sun.reflect.NativeMethodAccessorImpl.invoke(Unknown Source)\r\n\tat sun.reflect.DelegatingMethodAccessorImpl.invoke(Unknown Source)\r\n\tat java.lang.reflect.Method.invoke(Unknown Source)\r\n\tat org.testng.internal.MethodInvocationHelper.invokeMethod(MethodInvocationHelper.java:86)\r\n\tat org.testng.internal.Invoker.invokeMethod(Invoker.java:645)\r\n\tat org.testng.internal.Invoker.invokeTestMethod(Invoker.java:822)\r\n\tat org.testng.internal.Invoker.invokeTestMethods(Invoker.java:1130)\r\n\tat org.testng.internal.TestMethodWorker.invokeTestMethods(TestMethodWorker.java:129)\r\n\tat org.testng.internal.TestMethodWorker.run(TestMethodWorker.java:112)\r\n\tat org.testng.TestRunner.privateRun(TestRunner.java:782)\r\n\tat org.testng.TestRunner.run(TestRunner.java:632)\r\n\tat org.testng.SuiteRunner.runTest(SuiteRunner.java:366)\r\n\tat org.testng.SuiteRunner.runSequentially(SuiteRunner.java:361)\r\n\tat org.testng.SuiteRunner.privateRun(SuiteRunner.java:319)\r\n\tat org.testng.SuiteRunner.run(SuiteRunner.java:268)\r\n\tat org.testng.SuiteRunnerWorker.runSuite(SuiteRunnerWorker.java:52)\r\n\tat org.testng.SuiteRunnerWorker.run(SuiteRunnerWorker.java:86)\r\n\tat org.testng.TestNG.runSuitesSequentially(TestNG.java:1244)\r\n\tat org.testng.TestNG.runSuitesLocally(TestNG.java:1169)\r\n\tat org.testng.TestNG.run(TestNG.java:1064)\r\n\tat org.testng.remote.RemoteTestNG.run(RemoteTestNG.java:113)\r\n\tat org.testng.remote.RemoteTestNG.initAndRun(RemoteTestNG.java:206)\r\n\tat org.testng.remote.RemoteTestNG.main(RemoteTestNG.java:177)\r\nCaused by: java.lang.IllegalStateException: The driver executable does not exist: D:\\eclipseProjects\\YourLogo\\src\\main\\java\\Config\\chromedriver.exe\r\n\tat com.google.common.base.Preconditions.checkState(Preconditions.java:534)\r\n\tat org.openqa.selenium.remote.service.DriverService.checkExecutable(DriverService.java:136)\r\n\tat org.openqa.selenium.remote.service.DriverService.findExecutable(DriverService.java:131)\r\n\tat org.openqa.selenium.chrome.ChromeDriverService.access$000(ChromeDriverService.java:32)\r\n\tat org.openqa.selenium.chrome.ChromeDriverService$Builder.findDefaultExecutable(ChromeDriverService.java:137)\r\n\tat org.openqa.selenium.remote.service.DriverService$Builder.build(DriverService.java:329)\r\n\tat org.openqa.selenium.chrome.ChromeDriverService.createDefaultService(ChromeDriverService.java:88)\r\n\tat org.openqa.selenium.chrome.ChromeDriver.<init>(ChromeDriver.java:124)\r\n\tat TestBase.TestBaseClass.Initialization(TestBaseClass.java:44)\r\n\tat StepDefinitions.LoginStepDefinition.User_in_LandingPage(LoginStepDefinition.java:47)\r\n\tat âœ½.Given User is on YourLogo Landing Page(Login.feature:25)\r\n"},"stage":"finished","steps":[],"attachments":[],"parameters":[{"name":"arg0","value":"YourLogo Registration and Login feature"}],"start":1621191881469,"stop":1621191882455,"uuid":"bc5e7aef-8746-45f6-9046-922fe94ecfd3","historyId":"3c58af1aec786d7f791e83d01ecd98b6","fullName":"Runner.TestRunner.feature","labels":[{"name":"package","value":"Runner.TestRunner"},{"name":"testClass","value":"Runner.TestRunner"},{"name":"testMethod","value":"feature"},{"name":"parentSuite","value":"YourLogoApplication-TestSuite"},{"name":"suite","value":"YourLogoApplication-Test"},{"name":"subSuite","value":"Runner.TestRunner"},{"name":"host","value":"Rajeev-PC"},{"name":"thread","value":"5764@Rajeev-PC.main(1)"},{"name":"framework","value":"testng"},{"name":"language","value":"java"}],"links":[]}