{"name":"Runs Cucumber Feature","status":"skipped","statusDetails":{"known":false,"muted":false,"flaky":false,"message":"cucumber.runtime.DuplicateStepDefinitionException: Duplicate step definitions in StepDefinitions.LoginStepDefinition.User_in_LandingPage() in file:/C:/Users/Rajeev/git/YourLogoTest/YourLogo/target/classes/ and StepDefinitions.AddProductStepDefinition.User_in_LandingPage() in file:/C:/Users/Rajeev/git/YourLogoTest/YourLogo/target/classes/","trace":"java.lang.RuntimeException: cucumber.runtime.DuplicateStepDefinitionException: Duplicate step definitions in StepDefinitions.LoginStepDefinition.User_in_LandingPage() in file:/C:/Users/Rajeev/git/YourLogoTest/YourLogo/target/classes/ and StepDefinitions.AddProductStepDefinition.User_in_LandingPage() in file:/C:/Users/Rajeev/git/YourLogoTest/YourLogo/target/classes/\r\n\tat org.testng.internal.MethodInvocationHelper.invokeDataProvider(MethodInvocationHelper.java:163)\r\n\tat org.testng.internal.Parameters.handleParameters(Parameters.java:430)\r\n\tat org.testng.internal.Invoker.handleParameters(Invoker.java:1276)\r\n\tat org.testng.internal.Invoker.createParameters(Invoker.java:991)\r\n\tat org.testng.internal.Invoker.invokeTestMethods(Invoker.java:1081)\r\n\tat org.testng.internal.TestMethodWorker.invokeTestMethods(TestMethodWorker.java:129)\r\n\tat org.testng.internal.TestMethodWorker.run(TestMethodWorker.java:112)\r\n\tat org.testng.TestRunner.privateRun(TestRunner.java:782)\r\n\tat org.testng.TestRunner.run(TestRunner.java:632)\r\n\tat org.testng.SuiteRunner.runTest(SuiteRunner.java:366)\r\n\tat org.testng.SuiteRunner.runSequentially(SuiteRunner.java:361)\r\n\tat org.testng.SuiteRunner.privateRun(SuiteRunner.java:319)\r\n\tat org.testng.SuiteRunner.run(SuiteRunner.java:268)\r\n\tat org.testng.SuiteRunnerWorker.runSuite(SuiteRunnerWorker.java:52)\r\n\tat org.testng.SuiteRunnerWorker.run(SuiteRunnerWorker.java:86)\r\n\tat org.testng.TestNG.runSuitesSequentially(TestNG.java:1244)\r\n\tat org.testng.TestNG.runSuitesLocally(TestNG.java:1169)\r\n\tat org.testng.TestNG.run(TestNG.java:1064)\r\n\tat org.testng.remote.RemoteTestNG.run(RemoteTestNG.java:113)\r\n\tat org.testng.remote.RemoteTestNG.initAndRun(RemoteTestNG.java:206)\r\n\tat org.testng.remote.RemoteTestNG.main(RemoteTestNG.java:177)\r\nCaused by: cucumber.runtime.DuplicateStepDefinitionException: Duplicate step definitions in StepDefinitions.LoginStepDefinition.User_in_LandingPage() in file:/C:/Users/Rajeev/git/YourLogoTest/YourLogo/target/classes/ and StepDefinitions.AddProductStepDefinition.User_in_LandingPage() in file:/C:/Users/Rajeev/git/YourLogoTest/YourLogo/target/classes/\r\n\tat cucumber.runtime.RuntimeGlue.addStepDefinition(RuntimeGlue.java:33)\r\n\tat cucumber.runtime.java.JavaBackend.addStepDefinition(JavaBackend.java:151)\r\n\tat cucumber.runtime.java.MethodScanner.scan(MethodScanner.java:68)\r\n\tat cucumber.runtime.java.MethodScanner.scan(MethodScanner.java:41)\r\n\tat cucumber.runtime.java.JavaBackend.loadGlue(JavaBackend.java:86)\r\n\tat cucumber.runtime.Runtime.<init>(Runtime.java:92)\r\n\tat cucumber.runtime.Runtime.<init>(Runtime.java:70)\r\n\tat cucumber.runtime.Runtime.<init>(Runtime.java:66)\r\n\tat cucumber.api.testng.TestNGCucumberRunner.<init>(TestNGCucumberRunner.java:42)\r\n\tat Runner.TestRunner.features(TestRunner.java:39)\r\n\tat sun.reflect.NativeMethodAccessorImpl.invoke0(Native Method)\r\n\tat sun.reflect.NativeMethodAccessorImpl.invoke(Unknown Source)\r\n\tat sun.reflect.DelegatingMethodAccessorImpl.invoke(Unknown Source)\r\n\tat java.lang.reflect.Method.invoke(Unknown Source)\r\n\tat org.testng.internal.MethodInvocationHelper.invokeMethod(MethodInvocationHelper.java:86)\r\n\tat org.testng.internal.MethodInvocationHelper.invokeDataProvider(MethodInvocationHelper.java:137)\r\n\t... 20 more\r\n"},"stage":"finished","steps":[],"attachments":[],"parameters":[],"start":1621197651719,"stop":1621197651736,"uuid":"f1072744-59de-48e4-a9b8-f9ee13b466f8","historyId":"3863fa8d36d249c306ab1c837c7e05ae","fullName":"Runner.TestRunner.feature","labels":[{"name":"package","value":"Runner.TestRunner"},{"name":"testClass","value":"Runner.TestRunner"},{"name":"testMethod","value":"feature"},{"name":"parentSuite","value":"YourLogoApplication-TestSuite"},{"name":"suite","value":"YourLogoApplication-Test"},{"name":"subSuite","value":"Runner.TestRunner"},{"name":"host","value":"Rajeev-PC"},{"name":"thread","value":"8764@Rajeev-PC.main(1)"},{"name":"framework","value":"testng"},{"name":"language","value":"java"}],"links":[]}